<?xml version="1.0" encoding="UTF-8"?>
<testng-results ignored="0" total="1" passed="1" failed="0" skipped="0">
  <reporter-output>
  </reporter-output>
  <suite started-at="2022-11-13T22:06:24 AST" name="Suite" finished-at="2022-11-13T22:06:37 AST" duration-ms="12994">
    <groups>
    </groups>
    <test started-at="2022-11-13T22:06:24 AST" name="Test" finished-at="2022-11-13T22:06:37 AST" duration-ms="12994">
      <class name="com.LUMA.Tests.ProductPageTest">
        <test-method is-config="true" signature="loadConfig()[pri:0, instance:com.LUMA.Tests.ProductPageTest@51f116b8]" started-at="2022-11-13T22:06:24 AST" name="loadConfig" finished-at="2022-11-13T22:06:24 AST" duration-ms="155" status="PASS">
          <reporter-output>
          </reporter-output>
        </test-method> <!-- loadConfig -->
        <test-method is-config="true" signature="setup(java.lang.String)[pri:0, instance:com.LUMA.Tests.ProductPageTest@51f116b8]" started-at="2022-11-13T22:06:25 AST" name="setup" finished-at="2022-11-13T22:06:28 AST" duration-ms="3263" status="PASS">
          <params>
            <param index="0">
              <value>
                <![CDATA[chrome]]>
              </value>
            </param>
          </params>
          <reporter-output>
          </reporter-output>
        </test-method> <!-- setup -->
        <test-method signature="addtoCart(java.lang.String, java.lang.String)[pri:0, instance:com.LUMA.Tests.ProductPageTest@51f116b8]" started-at="2022-11-13T22:06:28 AST" name="addtoCart" data-provider="Login" finished-at="2022-11-13T22:06:34 AST" duration-ms="6230" status="PASS">
          <params>
            <param index="0">
              <value>
                <![CDATA[mahmoudsameer560@test.com]]>
              </value>
            </param>
            <param index="1">
              <value>
                <![CDATA[Mahmoud00100#]]>
              </value>
            </param>
          </params>
          <reporter-output>
          </reporter-output>
        </test-method> <!-- addtoCart -->
        <test-method is-config="true" signature="tearDown()[pri:0, instance:com.LUMA.Tests.ProductPageTest@51f116b8]" started-at="2022-11-13T22:06:34 AST" name="tearDown" finished-at="2022-11-13T22:06:37 AST" duration-ms="3166" status="PASS">
          <reporter-output>
          </reporter-output>
        </test-method> <!-- tearDown -->
        <test-method is-config="true" signature="afterSuite()[pri:0, instance:com.LUMA.Tests.ProductPageTest@51f116b8]" started-at="2022-11-13T22:06:37 AST" name="afterSuite" finished-at="2022-11-13T22:06:38 AST" duration-ms="355" status="PASS">
          <reporter-output>
          </reporter-output>
        </test-method> <!-- afterSuite -->
      </class> <!-- com.LUMA.Tests.ProductPageTest -->
    </test> <!-- Test -->
  </suite> <!-- Suite -->
</testng-results>
